th ALS.lua -file ../../../input/customer-train.t7 -rank 100 -lambda 0.1
Options: 	
 - lambda  	 : 0.1	
 - file  	 : ../../../input/customer-train.t7	
 - seed  	 : 0	
 - rank  	 : 100	
loading data...	
92088 Users loaded	
3561 Items loaded	
Loss = 1.235835658334	
Loss = 1.0837206864586	
Loss = 0.96021594685431	
Loss = 0.94617554813641	
Loss = 0.93958796520239
Loss = 0.93682547046789	
Loss = 0.93561060100812	
Loss = 0.9350286697578	
Loss = 0.9347147689982	
Loss = 0.93452517189567	
Loss = 0.93439964975556	
Loss = 0.93431067959882	
Loss = 0.93424453656915	
Loss = 0.9341937546781	
Loss = 0.93415392234357	
Algo loss = 0.93415392234357	
	
-----------------------------------------	
ALS loss : 0.93415392234357	
 - rank   = 100	
 - lambda = 0.1	
-----------------------------------------	