th main.lua  -file ../../input/customer-train.t7 -conf ../conf/conf.movieLens.10M.U.lua  -save network.t7 -type U -meta 0 -gpu 0
Options:
 - gpu  	 : 0
 - file  	 : ../../input/customer-train.t7
 - seed  	 : 0
 - save  	 : network.t7
 - conf  	 : ../conf/conf.movieLens.10M.U.lua
 - type  	 : U
 - meta  	 : 0
Load training configuration...
Load data...
Loading data from disk...

Users loaded      : 92088
Items loaded      : 3561

No Train ratings  : 2282399
No Test  ratings  : 254305
Training ratio    : 0.89974983285397
Training density  : 0.0069601172178909

Unbias the data...
Data was successfully preloaded...
Training network
Start training : layer1-1
nn.Sequential {
  [input -> (1) -> (2) -> (3) -> (4) -> output]
  (1): nnsparse.SparseLinearBatch(3561 -> 700)
  (2): nn.Tanh
  (3): nn.Linear(700 -> 3561)
  (4): nn.Tanh
}
 [>....................................... 1/50 ........................................]  ETA: 0ms | Step: 0ms
1/50	 RMSE : 0.94680560914807	 MAE : 0.73937850493332
 [==>..................................... 2/50 ........................................]  ETA: 9h36m | Step: 12m938ms
2/50	 RMSE : 0.94457654256013	 MAE : 0.73768110429146
 [====>................................... 3/50 ........................................]  ETA: 7h55m | Step: 10m7s
3/50	 RMSE : 0.94343798942158	 MAE : 0.73604890763904
 [=====>.................................. 4/50 ........................................]  ETA: 6h34m | Step: 8m34s
4/50	 RMSE : 0.94262353890841	 MAE : 0.73566376763987
 [=======>................................ 5/50 ........................................]  ETA: 5h43m | Step: 7m37s
5/50	 RMSE : 0.94179643950918	 MAE : 0.73481682275425
 [=========>.............................. 6/50 ........................................]  ETA: 5h51m | Step: 7m59s
6/50	 RMSE : 0.94138749280882	 MAE : 0.73423709178853
 [===========>............................ 7/50 ........................................]  ETA: 6h1m | Step: 8m24s
7/50	 RMSE : 0.94067878768737	 MAE : 0.73410507065617
 [============>........................... 8/50 ........................................]  ETA: 5h52m | Step: 8m24s
8/50	 RMSE : 0.94051487431474	 MAE : 0.73362870507853
 [==============>......................... 9/50 ........................................]  ETA: 5h18m | Step: 7m46s
9/50	 RMSE : 0.94017780681702	 MAE : 0.73344852695332
 [================>....................... 10/50 .......................................]  ETA: 4h50m | Step: 7m16s
10/50	 RMSE : 0.93998988772327	 MAE : 0.733261516908
 [=================>...................... 11/50 .......................................]  ETA: 4h28m | Step: 6m52s
11/50	 RMSE : 0.93953636179447	 MAE : 0.73300829903637
 [===================>.................... 12/50 .......................................]  ETA: 4h8m | Step: 6m32s
12/50	 RMSE : 0.93929826838418	 MAE : 0.73291545631932
 [=====================>.................. 13/50 .......................................]  ETA: 3h51m | Step: 6m16s
13/50	 RMSE : 0.93932459663449	 MAE : 0.73292849493834
 [=======================>................ 14/50 .......................................]  ETA: 3h37m | Step: 6m2s
14/50	 RMSE : 0.93917123392959	 MAE : 0.73284700552365
 [========================>............... 15/50 .......................................]  ETA: 3h24m | Step: 5m50s
15/50	 RMSE : 0.93896232582131	 MAE : 0.73275615688602
 [==========================>............. 16/50 .......................................]  ETA: 3h12m | Step: 5m40s
16/50	 RMSE : 0.93898443653649	 MAE : 0.73282001395307
 [============================>........... 17/50 .......................................]  ETA: 3h2m | Step: 5m30s
17/50	 RMSE : 0.9390245555849	 MAE : 0.73255896238849
 [=============================>.......... 18/50 .......................................]  ETA: 2h52m | Step: 5m23s
18/50	 RMSE : 0.93886742567097	 MAE : 0.73242701446655
 [===============================>........ 19/50 .......................................]  ETA: 2h43m | Step: 5m16s
19/50	 RMSE : 0.93882672893517	 MAE : 0.73246325319617
 [=================================>...... 20/50 .......................................]  ETA: 2h35m | Step: 5m10s
20/50	 RMSE : 0.93879778126119	 MAE : 0.73242403736053
 [===================================>.... 21/50 .......................................]  ETA: 2h27m | Step: 5m4s
21/50	 RMSE : 0.93880392876407	 MAE : 0.73250198543475
 [====================================>... 22/50 .......................................]  ETA: 2h19m | Step: 4m59s
22/50	 RMSE : 0.93869065843843	 MAE : 0.7322907673279
 [======================================>. 23/50 .......................................]  ETA: 2h12m | Step: 4m54s
23/50	 RMSE : 0.93874676069384	 MAE : 0.73227571676061
 [======================================== 24/50 .......................................]  ETA: 2h5m | Step: 4m50s
24/50	 RMSE : 0.93860716124258	 MAE : 0.73223317413388
 [======================================== 25/50 .......................................]  ETA: 1h59m | Step: 4m46s
25/50	 RMSE : 0.93857469735498	 MAE : 0.73220142746948
 [======================================== 26/50 .......................................]  ETA: 1h53m | Step: 4m43s
26/50	 RMSE : 0.93865821097416	 MAE : 0.73229204526677
 [======================================== 27/50 .......................................]  ETA: 1h47m | Step: 4m39s
27/50	 RMSE : 0.93864470058452	 MAE : 0.73229206912213
 [======================================== 28/50 >......................................]  ETA: 1h42m | Step: 4m39s
28/50	 RMSE : 0.9386363336212	 MAE : 0.73230026701202
 [======================================== 29/50 =>.....................................]  ETA: 1h37m | Step: 4m37s
29/50	 RMSE : 0.93857216656589	 MAE : 0.7322298595845
 [======================================== 30/50 ===>...................................]  ETA: 1h32m | Step: 4m36s
30/50	 RMSE : 0.93850548062991	 MAE : 0.73212360718802
 [======================================== 31/50 =====>.................................]  ETA: 1h27m | Step: 4m35s
31/50	 RMSE : 0.93848979704675	 MAE : 0.73208357758529
 [======================================== 32/50 =======>...............................]  ETA: 1h22m | Step: 4m34s
32/50	 RMSE : 0.93837777948025	 MAE : 0.73210045559737
 [======================================== 33/50 ========>..............................]  ETA: 1h17m | Step: 4m33s
33/50	 RMSE : 0.93838587885084	 MAE : 0.73213410871171
 [======================================== 34/50 ==========>............................]  ETA: 1h12m | Step: 4m33s
34/50	 RMSE : 0.93830055314324	 MAE : 0.73203884256358
 [======================================== 35/50 ============>..........................]  ETA: 1h8m | Step: 4m32s
35/50	 RMSE : 0.93821481659366	 MAE : 0.73190725851808
 [======================================== 36/50 =============>.........................]  ETA: 1h3m | Step: 4m31s
36/50	 RMSE : 0.93817327092589	 MAE : 0.7319135638869
 [======================================== 37/50 ===============>.......................]  ETA: 58m39s | Step: 4m30s
37/50	 RMSE : 0.93811344428973	 MAE : 0.7318792871505
 [======================================== 38/50 =================>.....................]  ETA: 54m3s | Step: 4m30s
38/50	 RMSE : 0.93807515036864	 MAE : 0.73169096831079
 [======================================== 39/50 ===================>...................]  ETA: 49m26s | Step: 4m29s
39/50	 RMSE : 0.93812022593704	 MAE : 0.7319222390511
 [======================================== 40/50 ====================>..................]  ETA: 44m51s | Step: 4m29s
40/50	 RMSE : 0.93813905445081	 MAE : 0.73186475642869
 [======================================== 41/50 ======================>................]  ETA: 40m16s | Step: 4m28s
41/50	 RMSE : 0.93815317754196	 MAE : 0.73183685921838
 [======================================== 42/50 ========================>..............]  ETA: 35m43s | Step: 4m27s
42/50	 RMSE : 0.93814486953468	 MAE : 0.73184143217686
 [======================================== 43/50 =========================>.............]  ETA: 31m11s | Step: 4m27s
43/50	 RMSE : 0.93806601811056	 MAE : 0.73187922903094
 [======================================== 44/50 ===========================>...........]  ETA: 26m41s | Step: 4m26s
44/50	 RMSE : 0.93796398474153	 MAE : 0.73165812062675
 [======================================== 45/50 =============================>.........]  ETA: 22m12s | Step: 4m26s
45/50	 RMSE : 0.93795473256923	 MAE : 0.73167182496525
 [======================================== 46/50 ===============================>.......]  ETA: 17m45s | Step: 4m26s
46/50	 RMSE : 0.93796795676427	 MAE : 0.73172424457916
 [======================================== 47/50 ================================>......]  ETA: 13m16s | Step: 4m25s
47/50	 RMSE : 0.93790620653436	 MAE : 0.73160073018861
 [======================================== 48/50 ==================================>....]  ETA: 8m50s | Step: 4m25s
48/50	 RMSE : 0.93790262730305	 MAE : 0.73165636884813
 [======================================== 49/50 ====================================>..]  ETA: 4m24s | Step: 4m24s
49/50	 RMSE : 0.93786123494787	 MAE : 0.73164772788591
 [======================================== 50/50 ======================================>]  Tot: 3h35m | Step: 4m24s

50/50	 RMSE : 0.93785423872778	 MAE : 0.73173251297437
******** BEST RMSE = 0.93785423872778
******** BEST MAE  = 0.73160073018861
Saving final network on Disk...
Done!!!