th main.lua  -file ../../input/customer-train.t7 -conf ../conf/conf.movieLens.10M.V.lua  -save networkV.t7 -type V -meta 0 -gpu 0
Options:
 - gpu  	 : 0
 - file  	 : ../../input/customer-train.t7
 - seed  	 : 0
 - save  	 : networkV.t7
 - conf  	 : ../conf/conf.movieLens.10M.V.lua
 - type  	 : V
 - meta  	 : 0
Load training configuration...
Load data...
Loading data from disk...

Users loaded      : 92088
Items loaded      : 3561

No Train ratings  : 2282399
No Test  ratings  : 254305
Training ratio    : 0.89974983285397
Training density  : 0.0069601172178909

Unbias the data...
Data was successfully preloaded...
Training network
Start training : layer1-1
nn.Sequential {
  [input -> (1) -> (2) -> (3) -> (4) -> output]
  (1): nnsparse.SparseLinearBatch(92088 -> 770)
  (2): nn.Tanh
  (3): nn.Linear(770 -> 92088)
  (4): nn.Tanh
}
 [>....................................... 1/50 ........................................]  ETA: 0ms | Step: 0ms
1/50	 RMSE : 0.9516564480298	 MAE : 0.74915685252701
 [==>..................................... 2/50 ........................................]  ETA: 1h49m | Step: 2m17s
2/50	 RMSE : 0.94624321313797	 MAE : 0.74278175327856
 [====>................................... 3/50 ........................................]  ETA: 1h51m | Step: 2m21s
3/50	 RMSE : 0.93386294071527	 MAE : 0.73191203231495
 [=====>.................................. 4/50 ........................................]  ETA: 1h47m | Step: 2m19s
4/50	 RMSE : 0.93374232589354	 MAE : 0.7312176930195
 [=======>................................ 5/50 ........................................]  ETA: 1h45m | Step: 2m20s
5/50	 RMSE : 0.93098874763469	 MAE : 0.72929176599532
 [=========>.............................. 6/50 ........................................]  ETA: 1h43m | Step: 2m21s
6/50	 RMSE : 0.93006397335772	 MAE : 0.7289716605966
 [===========>............................ 7/50 ........................................]  ETA: 1h41m | Step: 2m21s
7/50	 RMSE : 0.93020289833589	 MAE : 0.72740180636338
 [============>........................... 8/50 ........................................]  ETA: 1h39m | Step: 2m21s
8/50	 RMSE : 0.92786580188732	 MAE : 0.7261484764921
 [==============>......................... 9/50 ........................................]  ETA: 1h36m | Step: 2m21s
9/50	 RMSE : 0.92867086659801	 MAE : 0.72594603465272
 [================>....................... 10/50 .......................................]  ETA: 1h34m | Step: 2m21s
10/50	 RMSE : 0.92507065443873	 MAE : 0.72308654315493
 [=================>...................... 11/50 .......................................]  ETA: 1h31m | Step: 2m21s
11/50	 RMSE : 0.92346292082992	 MAE : 0.72208855630955
 [===================>.................... 12/50 .......................................]  ETA: 1h29m | Step: 2m20s
12/50	 RMSE : 0.92126587824001	 MAE : 0.72023206675954
 [=====================>.................. 13/50 .......................................]  ETA: 1h26m | Step: 2m20s
13/50	 RMSE : 0.92157606403286	 MAE : 0.72010280207728
 [=======================>................ 14/50 .......................................]  ETA: 1h24m | Step: 2m20s
14/50	 RMSE : 0.92017814437837	 MAE : 0.71927697610183
 [========================>............... 15/50 .......................................]  ETA: 1h22m | Step: 2m20s
15/50	 RMSE : 0.92056197604904	 MAE : 0.71913148873888
 [==========================>............. 16/50 .......................................]  ETA: 1h19m | Step: 2m20s
16/50	 RMSE : 0.92017408653293	 MAE : 0.71900354777538
 [============================>........... 17/50 .......................................]  ETA: 1h17m | Step: 2m20s
17/50	 RMSE : 0.91900622117043	 MAE : 0.71817444396811
 [=============================>.......... 18/50 .......................................]  ETA: 1h14m | Step: 2m20s
18/50	 RMSE : 0.91851182737705	 MAE : 0.7178528993228
 [===============================>........ 19/50 .......................................]  ETA: 1h12m | Step: 2m20s
19/50	 RMSE : 0.91867242244114	 MAE : 0.71786195683189
 [=================================>...... 20/50 .......................................]  ETA: 1h10m | Step: 2m20s
20/50	 RMSE : 0.91838582163118	 MAE : 0.71759220892527
 [===================================>.... 21/50 .......................................]  ETA: 1h7m | Step: 2m20s
21/50	 RMSE : 0.91831686459034	 MAE : 0.71761064979949
 [====================================>... 22/50 .......................................]  ETA: 1h5m | Step: 2m20s
22/50	 RMSE : 0.91828582701634	 MAE : 0.71764585790634
 [======================================>. 23/50 .......................................]  ETA: 1h3m | Step: 2m20s
23/50	 RMSE : 0.91787455514221	 MAE : 0.71717747017281
 [======================================== 24/50 .......................................]  ETA: 1h50s | Step: 2m20s
24/50	 RMSE : 0.91786202681441	 MAE : 0.71711848360515
 [======================================== 25/50 .......................................]  ETA: 58m30s | Step: 2m20s
25/50	 RMSE : 0.91738355729863	 MAE : 0.71684473684145
 [======================================== 26/50 .......................................]  ETA: 56m7s | Step: 2m20s
26/50	 RMSE : 0.91754266902253	 MAE : 0.71666116290453
 [======================================== 27/50 .......................................]  ETA: 53m49s | Step: 2m20s
27/50	 RMSE : 0.91765688683396	 MAE : 0.71682096854762
 [======================================== 28/50 >......................................]  ETA: 51m52s | Step: 2m21s
28/50	 RMSE : 0.91755275007883	 MAE : 0.71666805802121
 [======================================== 29/50 =>.....................................]  ETA: 50m34s | Step: 2m24s
29/50	 RMSE : 0.91756679872128	 MAE : 0.716734742837
 [======================================== 30/50 ===>...................................]  ETA: 49m5s | Step: 2m27s
30/50	 RMSE : 0.91753528502328	 MAE : 0.71680293731096
 [======================================== 31/50 =====>.................................]  ETA: 47m23s | Step: 2m29s
31/50	 RMSE : 0.91692782905146	 MAE : 0.71577766284166
 [======================================== 32/50 =======>...............................]  ETA: 45m40s | Step: 2m32s
32/50	 RMSE : 0.91653978224101	 MAE : 0.71544353461466
 [======================================== 33/50 ========>..............................]  ETA: 43m50s | Step: 2m34s
33/50	 RMSE : 0.91628371170339	 MAE : 0.71520104859673
 [======================================== 34/50 ==========>............................]  ETA: 41m51s | Step: 2m36s
34/50	 RMSE : 0.91596253796015	 MAE : 0.71493936664491
 [======================================== 35/50 ============>..........................]  ETA: 39m45s | Step: 2m39s
35/50	 RMSE : 0.9156666294161	 MAE : 0.71451112074019
 [======================================== 36/50 =============>.........................]  ETA: 37m33s | Step: 2m40s
36/50	 RMSE : 0.91528653473881	 MAE : 0.71423111413661
 [======================================== 37/50 ===============>.......................]  ETA: 34m53s | Step: 2m41s
37/50	 RMSE : 0.91509066881721	 MAE : 0.71411345065058
 [======================================== 38/50 =================>.....................]  ETA: 32m30s | Step: 2m42s
38/50	 RMSE : 0.91484012378175	 MAE : 0.71402620213639
 [======================================== 39/50 ===================>...................]  ETA: 30m4s | Step: 2m44s
39/50	 RMSE : 0.91496661597289	 MAE : 0.71401445874505
 [======================================== 40/50 ====================>..................]  ETA: 27m37s | Step: 2m45s
40/50	 RMSE : 0.91490910290921	 MAE : 0.71398902868801
 [======================================== 41/50 ======================>................]  ETA: 25m5s | Step: 2m47s
41/50	 RMSE : 0.91458121082754	 MAE : 0.71373866481435
 [======================================== 42/50 ========================>..............]  ETA: 22m29s | Step: 2m48s
42/50	 RMSE : 0.91435425148988	 MAE : 0.71352207506733
 [======================================== 43/50 =========================>.............]  ETA: 19m50s | Step: 2m50s
43/50	 RMSE : 0.9141682205061	 MAE : 0.71329162975203
 [======================================== 44/50 ===========================>...........]  ETA: 17m8s | Step: 2m51s
44/50	 RMSE : 0.91364953850769	 MAE : 0.71300690365592
 [======================================== 45/50 =============================>.........]  ETA: 14m23s | Step: 2m52s
45/50	 RMSE : 0.91380633846658	 MAE : 0.71296280355827
 [======================================== 46/50 ===============================>.......]  ETA: 11m35s | Step: 2m53s
46/50	 RMSE : 0.91377774997133	 MAE : 0.71301016913166
 [======================================== 47/50 ================================>......]  ETA: 8m44s | Step: 2m54s
47/50	 RMSE : 0.9136832836751	 MAE : 0.71291680213324
 [======================================== 48/50 ==================================>....]  ETA: 5m52s | Step: 2m56s
48/50	 RMSE : 0.91339156355506	 MAE : 0.71281237582925
 [======================================== 49/50 ====================================>..]  ETA: 2m57s | Step: 2m57s
49/50	 RMSE : 0.91314126496059	 MAE : 0.71261952291232
 [======================================== 50/50 ======================================>]  Tot: 2h25m | Step: 2m57s

50/50	 RMSE : 0.91309129871606	 MAE : 0.71254863500017
******** BEST RMSE = 0.91309129871606
******** BEST MAE  = 0.71254863500017
Saving final network on Disk...
Done!!!